Using pre-set license
Built from '2020.3/staging' branch; Version is '2020.3.8f1 (507919d4fff5) revision 5273881'; Using compiler version '192528614'; Build Type 'Release'
OS: 'Windows 10 Home; OS build 19043.1348; Version 2009; 64bit' Language: 'en' Physical Memory: 16215 MB
BatchMode: 1, IsHumanControllingUs: 0, StartBugReporterOnCrash: 0, Is64bit: 1, IsPro: 0

 COMMAND LINE ARGUMENTS:
C:\Program Files\Unity\Hub\Editor\2020.3.8f1\Editor\Unity.exe
-adb2
-batchMode
-noUpm
-name
AssetImportWorker0
-projectPath
C:/Users/escgt/Desktop/511866/Dejection
-logFile
Logs/AssetImportWorker0.log
-srvPort
54794
Successfully changed project path to: C:/Users/escgt/Desktop/511866/Dejection
C:/Users/escgt/Desktop/511866/Dejection
Using Asset Import Pipeline V2.
Refreshing native plugins compatible for Editor in 28.29 ms, found 0 plugins.
Preloading 0 native plugins for Editor in 0.00 ms.
Initialize engine version: 2020.3.8f1 (507919d4fff5)
[Subsystems] Discovering subsystems at path C:/Program Files/Unity/Hub/Editor/2020.3.8f1/Editor/Data/Resources/UnitySubsystems
[Subsystems] Discovering subsystems at path C:/Users/escgt/Desktop/511866/Dejection/Assets
GfxDevice: creating device client; threaded=0
Direct3D:
    Version:  Direct3D 11.0 [level 11.1]
    Renderer: NVIDIA GeForce GTX 1660 Ti (ID=0x2191)
    Vendor:   
    VRAM:     5991 MB
    Driver:   27.21.14.5167
Initialize mono
Mono path[0] = 'C:/Program Files/Unity/Hub/Editor/2020.3.8f1/Editor/Data/Managed'
Mono path[1] = 'C:/Program Files/Unity/Hub/Editor/2020.3.8f1/Editor/Data/MonoBleedingEdge/lib/mono/unityjit'
Mono config path = 'C:/Program Files/Unity/Hub/Editor/2020.3.8f1/Editor/Data/MonoBleedingEdge/etc'
Using monoOptions --debugger-agent=transport=dt_socket,embedding=1,server=y,suspend=n,address=127.0.0.1:56316
Begin MonoManager ReloadAssembly
Registering precompiled unity dll's ...
Register platform support module: C:/Program Files/Unity/Hub/Editor/2020.3.8f1/Editor/Data/PlaybackEngines/WebGLSupport/UnityEditor.WebGL.Extensions.dll
Register platform support module: C:/Program Files/Unity/Hub/Editor/2020.3.8f1/Editor/Data/PlaybackEngines/WindowsStandaloneSupport/UnityEditor.WindowsStandalone.Extensions.dll
Registered in 0.003450 seconds.
Native extension for WindowsStandalone target not found
Native extension for WebGL target not found
Refreshing native plugins compatible for Editor in 31.35 ms, found 0 plugins.
Preloading 0 native plugins for Editor in 0.00 ms.
Mono: successfully reloaded assembly
- Completed reload, in  1.572 seconds
Platform modules already initialized, skipping
Registering precompiled user dll's ...
Registered in 0.000869 seconds.
Begin MonoManager ReloadAssembly
Native extension for WindowsStandalone target not found
Native extension for WebGL target not found
Refreshing native plugins compatible for Editor in 0.30 ms, found 0 plugins.
Preloading 0 native plugins for Editor in 0.00 ms.
Mono: successfully reloaded assembly
- Completed reload, in  1.170 seconds
Platform modules already initialized, skipping
========================================================================
Worker process is ready to serve import requests
Launched and connected shader compiler UnityShaderCompiler.exe after 0.05 seconds
Refreshing native plugins compatible for Editor in 0.27 ms, found 0 plugins.
Preloading 0 native plugins for Editor in 0.00 ms.
Unloading 1115 Unused Serialized files (Serialized files now loaded: 0)
System memory in use before: 57.0 MB.
System memory in use after: 57.1 MB.

Unloading 9 unused Assets to reduce memory usage. Loaded Objects now: 1558.
Total: 2.006600 ms (FindLiveObjects: 0.141400 ms CreateObjectMapping: 0.039700 ms MarkObjects: 1.764200 ms  DeleteObjects: 0.060200 ms)

========================================================================
Received Import Request.
  path: Assets/spike_4.png
  artifactKey: Guid(52a8f7e2edddeba4589f100873addffc) Importer(815301076,1909f56bfc062723c751e8b465ee728b)
Start importing Assets/spike_4.png using Guid(52a8f7e2edddeba4589f100873addffc) Importer(815301076,1909f56bfc062723c751e8b465ee728b)  -> (artifact id: '26d80b34d85403cfbe9ba30e61f43c30') in 0.083636 seconds
  Import took 0.086105 seconds .

========================================================================
Received Import Request.
  Time since last request: 0.000412 seconds.
  path: Assets/candleA_03.png
  artifactKey: Guid(cef214812824ccd41833fad9d063a202) Importer(815301076,1909f56bfc062723c751e8b465ee728b)
Start importing Assets/candleA_03.png using Guid(cef214812824ccd41833fad9d063a202) Importer(815301076,1909f56bfc062723c751e8b465ee728b)  -> (artifact id: '968724ff6b37d06bf48952959078951a') in 0.016886 seconds
  Import took 0.019198 seconds .

========================================================================
Received Import Request.
  Time since last request: 0.000508 seconds.
  path: Assets/spike_0.png
  artifactKey: Guid(390e8c2878b597e4e89a779f9d57e70b) Importer(815301076,1909f56bfc062723c751e8b465ee728b)
Start importing Assets/spike_0.png using Guid(390e8c2878b597e4e89a779f9d57e70b) Importer(815301076,1909f56bfc062723c751e8b465ee728b)  -> (artifact id: '057e19c884b25dca77da3ae494c7ee87') in 0.014756 seconds
  Import took 0.017217 seconds .

========================================================================
Received Import Request.
  Time since last request: 0.000429 seconds.
  path: Assets/spike_1.png
  artifactKey: Guid(f5527812a15481442b2bdc4bbdac273c) Importer(815301076,1909f56bfc062723c751e8b465ee728b)
Start importing Assets/spike_1.png using Guid(f5527812a15481442b2bdc4bbdac273c) Importer(815301076,1909f56bfc062723c751e8b465ee728b)  -> (artifact id: 'da4ca3db93367fcc8b90f57bb444b475') in 0.020098 seconds
  Import took 0.023480 seconds .

========================================================================
Received Import Request.
  Time since last request: 0.000450 seconds.
  path: Assets/torch_3.png
  artifactKey: Guid(4fb9cb7901ba10041ab45541b113c63a) Importer(815301076,1909f56bfc062723c751e8b465ee728b)
Start importing Assets/torch_3.png using Guid(4fb9cb7901ba10041ab45541b113c63a) Importer(815301076,1909f56bfc062723c751e8b465ee728b)  -> (artifact id: '6efe899b9a96d10104981478724a2489') in 0.013939 seconds
  Import took 0.016232 seconds .

========================================================================
Received Import Request.
  Time since last request: 0.000435 seconds.
  path: Assets/mainlevbuild.png
  artifactKey: Guid(6e8c99901131f484d8b302adbb34f1b1) Importer(815301076,1909f56bfc062723c751e8b465ee728b)
Start importing Assets/mainlevbuild.png using Guid(6e8c99901131f484d8b302adbb34f1b1) Importer(815301076,1909f56bfc062723c751e8b465ee728b)  -> (artifact id: '745b8e6f87bd2fb4dd75179088c86580') in 0.023256 seconds
  Import took 0.026035 seconds .

========================================================================
Received Import Request.
  Time since last request: 0.000404 seconds.
  path: Assets/torch_4.png
  artifactKey: Guid(6a130384e441e28439854c37459fda11) Importer(815301076,1909f56bfc062723c751e8b465ee728b)
Start importing Assets/torch_4.png using Guid(6a130384e441e28439854c37459fda11) Importer(815301076,1909f56bfc062723c751e8b465ee728b)  -> (artifact id: 'b25eb8f9cff102f1d909c6475e53c981') in 0.017964 seconds
  Import took 0.020583 seconds .

========================================================================
Received Import Request.
  Time since last request: 0.000501 seconds.
  path: Assets/candleB_03.png
  artifactKey: Guid(47064184847adad47bf94515abf85fb3) Importer(815301076,1909f56bfc062723c751e8b465ee728b)
Start importing Assets/candleB_03.png using Guid(47064184847adad47bf94515abf85fb3) Importer(815301076,1909f56bfc062723c751e8b465ee728b)  -> (artifact id: 'fb29f26bb66b3be13d835c58dfd17de4') in 0.017466 seconds
  Import took 0.020526 seconds .

========================================================================
Received Import Request.
  Time since last request: 0.000435 seconds.
  path: Assets/spike_2.png
  artifactKey: Guid(a46a2fc8d043a60438bf490cb637d972) Importer(815301076,1909f56bfc062723c751e8b465ee728b)
Start importing Assets/spike_2.png using Guid(a46a2fc8d043a60438bf490cb637d972) Importer(815301076,1909f56bfc062723c751e8b465ee728b)  -> (artifact id: 'd761828dca07e77d856ccd9302f15c5c') in 0.018280 seconds
  Import took 0.020684 seconds .

========================================================================
Received Import Request.
  Time since last request: 0.000423 seconds.
  path: Assets/candleA_02.png
  artifactKey: Guid(77e436b3363c1534dbd3c897d47c55bb) Importer(815301076,1909f56bfc062723c751e8b465ee728b)
Start importing Assets/candleA_02.png using Guid(77e436b3363c1534dbd3c897d47c55bb) Importer(815301076,1909f56bfc062723c751e8b465ee728b)  -> (artifact id: '512367c18a34673cd814ac0c5f1b86bc') in 0.015062 seconds
  Import took 0.017625 seconds .

========================================================================
Received Import Request.
  Time since last request: 0.000457 seconds.
  path: Assets/candleB_01.png
  artifactKey: Guid(9f43dd5df7e6a854da9bc838b6a81960) Importer(815301076,1909f56bfc062723c751e8b465ee728b)
Start importing Assets/candleB_01.png using Guid(9f43dd5df7e6a854da9bc838b6a81960) Importer(815301076,1909f56bfc062723c751e8b465ee728b)  -> (artifact id: '8527654485887b6a1c6c56324f1bfc43') in 0.016852 seconds
  Import took 0.019927 seconds .

========================================================================
Received Import Request.
  Time since last request: 0.000480 seconds.
  path: Assets/candleB_04.png
  artifactKey: Guid(678463eab8f08e448b42b42fa90fb9fb) Importer(815301076,1909f56bfc062723c751e8b465ee728b)
Start importing Assets/candleB_04.png using Guid(678463eab8f08e448b42b42fa90fb9fb) Importer(815301076,1909f56bfc062723c751e8b465ee728b)  -> (artifact id: '5356938b059fde41c332e2698e8d9369') in 0.019157 seconds
  Import took 0.021813 seconds .

========================================================================
Received Import Request.
  Time since last request: 0.000460 seconds.
  path: Assets/decorative.png
  artifactKey: Guid(2b287d639fa4c6e4caff1023fef83760) Importer(815301076,1909f56bfc062723c751e8b465ee728b)
Start importing Assets/decorative.png using Guid(2b287d639fa4c6e4caff1023fef83760) Importer(815301076,1909f56bfc062723c751e8b465ee728b)  -> (artifact id: '285c3be75590a7cb60c78c580c53ca99') in 0.020984 seconds
  Import took 0.023606 seconds .

========================================================================
Received Import Request.
  Time since last request: 0.000508 seconds.
  path: Assets/spike_3.png
  artifactKey: Guid(2ae26c92bd1919c4cae56e6915851eb9) Importer(815301076,1909f56bfc062723c751e8b465ee728b)
Start importing Assets/spike_3.png using Guid(2ae26c92bd1919c4cae56e6915851eb9) Importer(815301076,1909f56bfc062723c751e8b465ee728b)  -> (artifact id: 'b7a356d525b2cbc8ce0502923dc7ff49') in 0.016393 seconds
  Import took 0.020005 seconds .

========================================================================
Received Import Request.
  Time since last request: 0.000442 seconds.
  path: Assets/candleA_04.png
  artifactKey: Guid(57b683167bd3c50468b90d062a266ed8) Importer(815301076,1909f56bfc062723c751e8b465ee728b)
Start importing Assets/candleA_04.png using Guid(57b683167bd3c50468b90d062a266ed8) Importer(815301076,1909f56bfc062723c751e8b465ee728b)  -> (artifact id: 'b74b0e18e45e2b2493969a966db9574f') in 0.017440 seconds
  Import took 0.020305 seconds .

========================================================================
Received Import Request.
  Time since last request: 0.000485 seconds.
  path: Assets/candleA_01.png
  artifactKey: Guid(5c0bcca177e28df4c8fe0e101323926b) Importer(815301076,1909f56bfc062723c751e8b465ee728b)
Start importing Assets/candleA_01.png using Guid(5c0bcca177e28df4c8fe0e101323926b) Importer(815301076,1909f56bfc062723c751e8b465ee728b)  -> (artifact id: '3032575df1254e7090e42d8841eb92cc') in 0.019272 seconds
  Import took 0.022308 seconds .

========================================================================
Received Import Request.
  Time since last request: 0.000540 seconds.
  path: Assets/candleB_02.png
  artifactKey: Guid(fa9b6f5a2aa7ed74c9432cbcf6a946cd) Importer(815301076,1909f56bfc062723c751e8b465ee728b)
Start importing Assets/candleB_02.png using Guid(fa9b6f5a2aa7ed74c9432cbcf6a946cd) Importer(815301076,1909f56bfc062723c751e8b465ee728b)  -> (artifact id: '93fb7a023787aad47f8ce5e89aaa1ce0') in 0.021143 seconds
  Import took 0.023991 seconds .

========================================================================
Received Import Request.
  Time since last request: 0.000510 seconds.
  path: Assets/torch_1.png
  artifactKey: Guid(9f1c215cda70f804ca46120e4d4c09d5) Importer(815301076,1909f56bfc062723c751e8b465ee728b)
Start importing Assets/torch_1.png using Guid(9f1c215cda70f804ca46120e4d4c09d5) Importer(815301076,1909f56bfc062723c751e8b465ee728b)  -> (artifact id: '428c53f1a151e5cdc6bcdd0c1e3088fb') in 0.017798 seconds
  Import took 0.021714 seconds .

========================================================================
Received Import Request.
  Time since last request: 0.000516 seconds.
  path: Assets/torch_2.png
  artifactKey: Guid(6746bb62c1498064b92c3916c367370f) Importer(815301076,1909f56bfc062723c751e8b465ee728b)
Start importing Assets/torch_2.png using Guid(6746bb62c1498064b92c3916c367370f) Importer(815301076,1909f56bfc062723c751e8b465ee728b)  -> (artifact id: 'e24f13cde3d34b00b8c337332ebb131d') in 0.016904 seconds
  Import took 0.019519 seconds .

========================================================================
Received Import Request.
  Time since last request: 103.614381 seconds.
  path: Assets/mainlevbuild.png
  artifactKey: Guid(6e8c99901131f484d8b302adbb34f1b1) Importer(815301076,1909f56bfc062723c751e8b465ee728b)
Start importing Assets/mainlevbuild.png using Guid(6e8c99901131f484d8b302adbb34f1b1) Importer(815301076,1909f56bfc062723c751e8b465ee728b)  -> (artifact id: '3f269ef9359f5f7cc1f14c1e28ccaa3a') in 0.011374 seconds
  Import took 0.013118 seconds .

========================================================================
Received Import Request.
  Time since last request: 0.000517 seconds.
  path: Assets/mainlevbuild.png
  artifactKey: Guid(6e8c99901131f484d8b302adbb34f1b1) Importer(815301076,1909f56bfc062723c751e8b465ee728b)
Start importing Assets/mainlevbuild.png using Guid(6e8c99901131f484d8b302adbb34f1b1) Importer(815301076,1909f56bfc062723c751e8b465ee728b)  -> (artifact id: '3f269ef9359f5f7cc1f14c1e28ccaa3a') in 0.009217 seconds
  Import took 0.010852 seconds .

========================================================================
Received Import Request.
  Time since last request: 4.356560 seconds.
  path: Assets/public-license.txt
  artifactKey: Guid(d159eb9411b489d41893283168d512e4) Importer(815301076,1909f56bfc062723c751e8b465ee728b)
Start importing Assets/public-license.txt using Guid(d159eb9411b489d41893283168d512e4) Importer(815301076,1909f56bfc062723c751e8b465ee728b)  -> (artifact id: '931dda2fc41a71bf5770eef54b4b8dde') in 0.012466 seconds
  Import took 0.014470 seconds .

========================================================================
Received Import Request.
  Time since last request: 0.000545 seconds.
  path: Assets/public-license.txt
  artifactKey: Guid(d159eb9411b489d41893283168d512e4) Importer(815301076,1909f56bfc062723c751e8b465ee728b)
Start importing Assets/public-license.txt using Guid(d159eb9411b489d41893283168d512e4) Importer(815301076,1909f56bfc062723c751e8b465ee728b)  -> (artifact id: '931dda2fc41a71bf5770eef54b4b8dde') in 0.003151 seconds
  Import took 0.005068 seconds .

========================================================================
Received Import Request.
  Time since last request: 27.729664 seconds.
  path: Assets
  artifactKey: Guid(00000000000000001000000000000000) Importer(815301076,1909f56bfc062723c751e8b465ee728b)
Start importing Assets using Guid(00000000000000001000000000000000) Importer(815301076,1909f56bfc062723c751e8b465ee728b)  -> (artifact id: '42d402b061de3733987d63b9cc3b64de') in 0.006960 seconds
  Import took 0.008656 seconds .

========================================================================
Received Import Request.
  Time since last request: 8.183296 seconds.
  path: Assets/Sprites
  artifactKey: Guid(0e950de2ac0d3534fbe584c573a34eca) Importer(815301076,1909f56bfc062723c751e8b465ee728b)
Start importing Assets/Sprites using Guid(0e950de2ac0d3534fbe584c573a34eca) Importer(815301076,1909f56bfc062723c751e8b465ee728b)  -> (artifact id: '763cfd3bc6645f712b73b959512ce5eb') in 0.007381 seconds
  Import took 0.009164 seconds .

========================================================================
Received Import Request.
  Time since last request: 32.361711 seconds.
  path: Assets/Sprites/mainlevbuild.png
  artifactKey: Guid(6e8c99901131f484d8b302adbb34f1b1) Importer(815301076,1909f56bfc062723c751e8b465ee728b)
Start importing Assets/Sprites/mainlevbuild.png using Guid(6e8c99901131f484d8b302adbb34f1b1) Importer(815301076,1909f56bfc062723c751e8b465ee728b)  -> (artifact id: '10f0b633339caa04134519ec3f7e7629') in 0.007901 seconds
  Import took 0.009528 seconds .

========================================================================
Received Import Request.
  Time since last request: 0.007001 seconds.
  path: Assets/Sprites/mainlevbuild.png
  artifactKey: Guid(6e8c99901131f484d8b302adbb34f1b1) Importer(815301076,1909f56bfc062723c751e8b465ee728b)
Start importing Assets/Sprites/mainlevbuild.png using Guid(6e8c99901131f484d8b302adbb34f1b1) Importer(815301076,1909f56bfc062723c751e8b465ee728b)  -> (artifact id: '10f0b633339caa04134519ec3f7e7629') in 0.013484 seconds
  Import took 0.015776 seconds .

========================================================================
Received Import Request.
  Time since last request: 76.673130 seconds.
  path: Assets/Sprites/mainlevbuild.png
  artifactKey: Guid(6e8c99901131f484d8b302adbb34f1b1) Importer(815301076,1909f56bfc062723c751e8b465ee728b)
Start importing Assets/Sprites/mainlevbuild.png using Guid(6e8c99901131f484d8b302adbb34f1b1) Importer(815301076,1909f56bfc062723c751e8b465ee728b)  -> (artifact id: 'c335e909f28b06ad277e69b2facc46a5') in 0.015136 seconds
  Import took 0.016904 seconds .

========================================================================
Received Prepare
Registering precompiled user dll's ...
Registered in 0.000560 seconds.
Begin MonoManager ReloadAssembly
Native extension for WindowsStandalone target not found
Native extension for WebGL target not found
Refreshing native plugins compatible for Editor in 0.18 ms, found 0 plugins.
Preloading 0 native plugins for Editor in 0.00 ms.
Mono: successfully reloaded assembly
- Completed reload, in  0.681 seconds
Platform modules already initialized, skipping
Refreshing native plugins compatible for Editor in 0.18 ms, found 0 plugins.
Preloading 0 native plugins for Editor in 0.00 ms.
Unloading 1143 Unused Serialized files (Serialized files now loaded: 0)
System memory in use before: 57.9 MB.
System memory in use after: 58.0 MB.

Unloading 4 unused Assets to reduce memory usage. Loaded Objects now: 1601.
Total: 1.193000 ms (FindLiveObjects: 0.103900 ms CreateObjectMapping: 0.030500 ms MarkObjects: 1.047700 ms  DeleteObjects: 0.010300 ms)

========================================================================
Received Prepare
Registering precompiled user dll's ...
Registered in 0.000560 seconds.
Begin MonoManager ReloadAssembly
Native extension for WindowsStandalone target not found
Native extension for WebGL target not found
Refreshing native plugins compatible for Editor in 0.25 ms, found 0 plugins.
Preloading 0 native plugins for Editor in 0.00 ms.
Mono: successfully reloaded assembly
- Completed reload, in  0.694 seconds
Platform modules already initialized, skipping
Refreshing native plugins compatible for Editor in 0.17 ms, found 0 plugins.
Preloading 0 native plugins for Editor in 0.00 ms.
Unloading 1183 Unused Serialized files (Serialized files now loaded: 0)
System memory in use before: 59.2 MB.
System memory in use after: 59.3 MB.

Unloading 4 unused Assets to reduce memory usage. Loaded Objects now: 1648.
Total: 1.298700 ms (FindLiveObjects: 0.103300 ms CreateObjectMapping: 0.030400 ms MarkObjects: 1.133300 ms  DeleteObjects: 0.031100 ms)

========================================================================
Received Prepare
Registering precompiled user dll's ...
Registered in 0.000716 seconds.
Begin MonoManager ReloadAssembly
Native extension for WindowsStandalone target not found
Native extension for WebGL target not found
Refreshing native plugins compatible for Editor in 0.34 ms, found 0 plugins.
Preloading 0 native plugins for Editor in 0.00 ms.
Mono: successfully reloaded assembly
- Completed reload, in  0.718 seconds
Platform modules already initialized, skipping
Refreshing native plugins compatible for Editor in 0.27 ms, found 0 plugins.
Preloading 0 native plugins for Editor in 0.00 ms.
Unloading 1444 Unused Serialized files (Serialized files now loaded: 0)
System memory in use before: 72.8 MB.
System memory in use after: 72.9 MB.

Unloading 5 unused Assets to reduce memory usage. Loaded Objects now: 1911.
Total: 1.390700 ms (FindLiveObjects: 0.129400 ms CreateObjectMapping: 0.042000 ms MarkObjects: 1.178500 ms  DeleteObjects: 0.040100 ms)

========================================================================
Received Prepare
Registering precompiled user dll's ...
Registered in 0.001305 seconds.
Begin MonoManager ReloadAssembly
Native extension for WindowsStandalone target not found
Native extension for WebGL target not found
Refreshing native plugins compatible for Editor in 27.31 ms, found 1 plugins.
Preloading 0 native plugins for Editor in 0.00 ms.
Mono: successfully reloaded assembly
- Completed reload, in  0.695 seconds
Platform modules already initialized, skipping
Refreshing native plugins compatible for Editor in 0.29 ms, found 1 plugins.
Preloading 0 native plugins for Editor in 0.00 ms.
Unloading 1792 Unused Serialized files (Serialized files now loaded: 0)
System memory in use before: 84.4 MB.
System memory in use after: 84.4 MB.

Unloading 11 unused Assets to reduce memory usage. Loaded Objects now: 2262.
Total: 1.525100 ms (FindLiveObjects: 0.158400 ms CreateObjectMapping: 0.048300 ms MarkObjects: 1.251700 ms  DeleteObjects: 0.066100 ms)

========================================================================
Received Prepare
Registering precompiled user dll's ...
Registered in 0.000799 seconds.
Begin MonoManager ReloadAssembly
Native extension for WindowsStandalone target not found
Native extension for WebGL target not found
Refreshing native plugins compatible for Editor in 0.33 ms, found 1 plugins.
Preloading 0 native plugins for Editor in 0.00 ms.
Mono: successfully reloaded assembly
- Completed reload, in  0.768 seconds
Platform modules already initialized, skipping
Refreshing native plugins compatible for Editor in 0.30 ms, found 1 plugins.
Preloading 0 native plugins for Editor in 0.00 ms.
Unloading 1802 Unused Serialized files (Serialized files now loaded: 0)
System memory in use before: 84.8 MB.
System memory in use after: 84.8 MB.

Unloading 11 unused Assets to reduce memory usage. Loaded Objects now: 2276.
Total: 1.713600 ms (FindLiveObjects: 0.147000 ms CreateObjectMapping: 0.057500 ms MarkObjects: 1.427700 ms  DeleteObjects: 0.080400 ms)

========================================================================
Received Import Request.
  Time since last request: 242.224438 seconds.
  path: Assets/Sprites/mainlevbuild.png
  artifactKey: Guid(6e8c99901131f484d8b302adbb34f1b1) Importer(815301076,1909f56bfc062723c751e8b465ee728b)
Start importing Assets/Sprites/mainlevbuild.png using Guid(6e8c99901131f484d8b302adbb34f1b1) Importer(815301076,1909f56bfc062723c751e8b465ee728b)  -> (artifact id: '21145bfbaeddcb923b401a9954b7544c') in 1.476802 seconds
  Import took 1.484731 seconds .

========================================================================
Received Import Request.
  Time since last request: 9921.858150 seconds.
  path: Assets/Tiles/GroundTiles/mainlevbuild_336.asset
  artifactKey: Guid(3f2685f38a3a8ef449d584ec59361c97) Importer(815301076,1909f56bfc062723c751e8b465ee728b)
Start importing Assets/Tiles/GroundTiles/mainlevbuild_336.asset using Guid(3f2685f38a3a8ef449d584ec59361c97) Importer(815301076,1909f56bfc062723c751e8b465ee728b)  -> (artifact id: '0c7d9e627d84e7c6dcb909edea69338a') in 0.092998 seconds
  Import took 0.119638 seconds .

========================================================================
Received Import Request.
  Time since last request: 0.000341 seconds.
  path: Assets/Tiles/GroundTiles/mainlevbuild_344.asset
  artifactKey: Guid(8680c839d1efe0748824c01d823f96d6) Importer(815301076,1909f56bfc062723c751e8b465ee728b)
Start importing Assets/Tiles/GroundTiles/mainlevbuild_344.asset using Guid(8680c839d1efe0748824c01d823f96d6) Importer(815301076,1909f56bfc062723c751e8b465ee728b)  -> (artifact id: 'd5c98c8481b63d7d4b761232432db5b0') in 0.013420 seconds
  Import took 0.016160 seconds .

========================================================================
Received Import Request.
  Time since last request: 0.000207 seconds.
  path: Assets/Tiles/GroundTiles/mainlevbuild_356.asset
  artifactKey: Guid(c5375a5079c95454f85a75a36a72b556) Importer(815301076,1909f56bfc062723c751e8b465ee728b)
Start importing Assets/Tiles/GroundTiles/mainlevbuild_356.asset using Guid(c5375a5079c95454f85a75a36a72b556) Importer(815301076,1909f56bfc062723c751e8b465ee728b)  -> (artifact id: '40daee8abf5b4b97341780e8071d8021') in 0.016851 seconds
  Import took 0.019480 seconds .

========================================================================
Received Import Request.
  Time since last request: 0.000502 seconds.
  path: Assets/Tiles/GroundTiles/mainlevbuild_361.asset
  artifactKey: Guid(2473271b1c0696d48a764445c30849ce) Importer(815301076,1909f56bfc062723c751e8b465ee728b)
Start importing Assets/Tiles/GroundTiles/mainlevbuild_361.asset using Guid(2473271b1c0696d48a764445c30849ce) Importer(815301076,1909f56bfc062723c751e8b465ee728b)  -> (artifact id: 'b121c94dfa3336b76b3f345f6a00647c') in 0.018121 seconds
  Import took 0.021105 seconds .

========================================================================
Received Import Request.
  Time since last request: 0.000298 seconds.
  path: Assets/Tiles/GroundTiles/mainlevbuild_367.asset
  artifactKey: Guid(1d0ebd39096fef44c8e9c99193a96425) Importer(815301076,1909f56bfc062723c751e8b465ee728b)
Start importing Assets/Tiles/GroundTiles/mainlevbuild_367.asset using Guid(1d0ebd39096fef44c8e9c99193a96425) Importer(815301076,1909f56bfc062723c751e8b465ee728b)  -> (artifact id: '0ead8bd72575d9188d91fd8863d2fafc') in 0.012509 seconds
  Import took 0.015812 seconds .

========================================================================
Received Import Request.
  Time since last request: 0.000310 seconds.
  path: Assets/Tiles/GroundTiles/mainlevbuild_383.asset
  artifactKey: Guid(05fcb748a6cb18244add888ffa607dc8) Importer(815301076,1909f56bfc062723c751e8b465ee728b)
Start importing Assets/Tiles/GroundTiles/mainlevbuild_383.asset using Guid(05fcb748a6cb18244add888ffa607dc8) Importer(815301076,1909f56bfc062723c751e8b465ee728b)  -> (artifact id: '7dc0a29396644737fc2e52c2a91310e7') in 0.013349 seconds
  Import took 0.016339 seconds .

========================================================================
Received Import Request.
  Time since last request: 0.000283 seconds.
  path: Assets/Tiles/GroundTiles/mainlevbuild_355.asset
  artifactKey: Guid(049c7f72919d8c241a1361623479df5c) Importer(815301076,1909f56bfc062723c751e8b465ee728b)
Start importing Assets/Tiles/GroundTiles/mainlevbuild_355.asset using Guid(049c7f72919d8c241a1361623479df5c) Importer(815301076,1909f56bfc062723c751e8b465ee728b)  -> (artifact id: '122cd5a4b60a768a53a5643278af9794') in 0.012791 seconds
  Import took 0.015529 seconds .

========================================================================
Received Import Request.
  Time since last request: 0.000317 seconds.
  path: Assets/Tiles/GroundTiles/mainlevbuild_353.asset
  artifactKey: Guid(0ae476f315b40c141bf0c49bdf2b1ab9) Importer(815301076,1909f56bfc062723c751e8b465ee728b)
Start importing Assets/Tiles/GroundTiles/mainlevbuild_353.asset using Guid(0ae476f315b40c141bf0c49bdf2b1ab9) Importer(815301076,1909f56bfc062723c751e8b465ee728b)  -> (artifact id: '43eb2071ce220a9e4181cb4376e2e072') in 0.012791 seconds
  Import took 0.016010 seconds .

========================================================================
Received Import Request.
  Time since last request: 0.000260 seconds.
  path: Assets/Tiles/GroundTiles/mainlevbuild_362.asset
  artifactKey: Guid(ec0a642f61d30b042818ad6d9b1a5031) Importer(815301076,1909f56bfc062723c751e8b465ee728b)
Start importing Assets/Tiles/GroundTiles/mainlevbuild_362.asset using Guid(ec0a642f61d30b042818ad6d9b1a5031) Importer(815301076,1909f56bfc062723c751e8b465ee728b)  -> (artifact id: '0c7ae4021f8556efce8c46c157a436e4') in 0.012667 seconds
  Import took 0.015484 seconds .

========================================================================
Received Import Request.
  Time since last request: 0.000258 seconds.
  path: Assets/Tiles/GroundTiles/mainlevbuild_385.asset
  artifactKey: Guid(dbeee49d5f30fe649812ea41aead0a66) Importer(815301076,1909f56bfc062723c751e8b465ee728b)
Start importing Assets/Tiles/GroundTiles/mainlevbuild_385.asset using Guid(dbeee49d5f30fe649812ea41aead0a66) Importer(815301076,1909f56bfc062723c751e8b465ee728b)  -> (artifact id: '6fd117cdc77a00f72b53763cf6bc5551') in 0.013657 seconds
  Import took 0.016259 seconds .

========================================================================
Received Import Request.
  Time since last request: 0.000295 seconds.
  path: Assets/Tiles/GroundTiles/mainlevbuild_377.asset
  artifactKey: Guid(85bc089bc8530ce478bb64957073a4b7) Importer(815301076,1909f56bfc062723c751e8b465ee728b)
Start importing Assets/Tiles/GroundTiles/mainlevbuild_377.asset using Guid(85bc089bc8530ce478bb64957073a4b7) Importer(815301076,1909f56bfc062723c751e8b465ee728b)  -> (artifact id: 'ec283a3da26e71f0e6e26c9730ede470') in 0.012393 seconds
  Import took 0.016212 seconds .

========================================================================
Received Import Request.
  Time since last request: 0.000205 seconds.
  path: Assets/Tiles/GroundTiles/mainlevbuild_358.asset
  artifactKey: Guid(3844a20227501f2439553561b681a97b) Importer(815301076,1909f56bfc062723c751e8b465ee728b)
Start importing Assets/Tiles/GroundTiles/mainlevbuild_358.asset using Guid(3844a20227501f2439553561b681a97b) Importer(815301076,1909f56bfc062723c751e8b465ee728b)  -> (artifact id: '0bb2f62e51195a0a8785f6c689eee92f') in 0.017889 seconds
  Import took 0.020437 seconds .

========================================================================
Received Import Request.
  Time since last request: 0.000209 seconds.
  path: Assets/Tiles/GroundTiles/mainlevbuild_382.asset
  artifactKey: Guid(fd09005b797a9f04fadee0b6ba3f74b9) Importer(815301076,1909f56bfc062723c751e8b465ee728b)
Start importing Assets/Tiles/GroundTiles/mainlevbuild_382.asset using Guid(fd09005b797a9f04fadee0b6ba3f74b9) Importer(815301076,1909f56bfc062723c751e8b465ee728b)  -> (artifact id: 'a8d7caa120793d88bb58cd6df50c5773') in 0.017119 seconds
  Import took 0.019617 seconds .

========================================================================
Received Import Request.
  Time since last request: 0.000406 seconds.
  path: Assets/Tiles/GroundTiles/mainlevbuild_384.asset
  artifactKey: Guid(d7e99a9f91ad6c640b33cf0051f567dc) Importer(815301076,1909f56bfc062723c751e8b465ee728b)
Start importing Assets/Tiles/GroundTiles/mainlevbuild_384.asset using Guid(d7e99a9f91ad6c640b33cf0051f567dc) Importer(815301076,1909f56bfc062723c751e8b465ee728b)  -> (artifact id: 'd87691b0001cab16fb5e2c2b6b0e818d') in 0.012339 seconds
  Import took 0.015112 seconds .

========================================================================
Received Import Request.
  Time since last request: 0.000319 seconds.
  path: Assets/Tiles/GroundTiles/mainlevbuild_350.asset
  artifactKey: Guid(cc22b428c9a3afc4295fd5c9431c598a) Importer(815301076,1909f56bfc062723c751e8b465ee728b)
Start importing Assets/Tiles/GroundTiles/mainlevbuild_350.asset using Guid(cc22b428c9a3afc4295fd5c9431c598a) Importer(815301076,1909f56bfc062723c751e8b465ee728b)  -> (artifact id: 'e229b5b8654dc7b5f120278e92087e95') in 0.013883 seconds
  Import took 0.016761 seconds .

========================================================================
Received Import Request.
  Time since last request: 0.000347 seconds.
  path: Assets/Tiles/GroundTiles/mainlevbuild_392.asset
  artifactKey: Guid(070b0ef7507565d4ebdd7cee5d731d08) Importer(815301076,1909f56bfc062723c751e8b465ee728b)
Start importing Assets/Tiles/GroundTiles/mainlevbuild_392.asset using Guid(070b0ef7507565d4ebdd7cee5d731d08) Importer(815301076,1909f56bfc062723c751e8b465ee728b)  -> (artifact id: 'de391d1ea6084ec31e34746ae050fad1') in 0.012701 seconds
  Import took 0.015483 seconds .

========================================================================
Received Import Request.
  Time since last request: 0.000185 seconds.
  path: Assets/Tiles/GroundTiles/mainlevbuild_347.asset
  artifactKey: Guid(a0a54d01ed1239b4fb65644610fd7444) Importer(815301076,1909f56bfc062723c751e8b465ee728b)
Start importing Assets/Tiles/GroundTiles/mainlevbuild_347.asset using Guid(a0a54d01ed1239b4fb65644610fd7444) Importer(815301076,1909f56bfc062723c751e8b465ee728b)  -> (artifact id: 'aaa15606d03cc615435c3a1f189030b4') in 0.013576 seconds
  Import took 0.016151 seconds .

========================================================================
Received Import Request.
  Time since last request: 0.000173 seconds.
  path: Assets/Tiles/GroundTiles/mainlevbuild_388.asset
  artifactKey: Guid(6e884e005bfc6d6429d40f064383813c) Importer(815301076,1909f56bfc062723c751e8b465ee728b)
Start importing Assets/Tiles/GroundTiles/mainlevbuild_388.asset using Guid(6e884e005bfc6d6429d40f064383813c) Importer(815301076,1909f56bfc062723c751e8b465ee728b)  -> (artifact id: 'e15760f14851158b5a15d2b9a93b89a5') in 0.012141 seconds
  Import took 0.014675 seconds .

========================================================================
Received Import Request.
  Time since last request: 0.000269 seconds.
  path: Assets/Tiles/GroundTiles/mainlevbuild_360.asset
  artifactKey: Guid(0a05d4845f43de142820b6cfec43921f) Importer(815301076,1909f56bfc062723c751e8b465ee728b)
Start importing Assets/Tiles/GroundTiles/mainlevbuild_360.asset using Guid(0a05d4845f43de142820b6cfec43921f) Importer(815301076,1909f56bfc062723c751e8b465ee728b)  -> (artifact id: 'bf356766bebbff2791374394fdf86900') in 0.015331 seconds
  Import took 0.018891 seconds .

========================================================================
Received Import Request.
  Time since last request: 0.000199 seconds.
  path: Assets/Tiles/GroundTiles/mainlevbuild_380.asset
  artifactKey: Guid(3d42bbbf3c3c9b84d8b7bbcc7876cce2) Importer(815301076,1909f56bfc062723c751e8b465ee728b)
Start importing Assets/Tiles/GroundTiles/mainlevbuild_380.asset using Guid(3d42bbbf3c3c9b84d8b7bbcc7876cce2) Importer(815301076,1909f56bfc062723c751e8b465ee728b)  -> (artifact id: '5800f984972d03bda2a2eed265976ea3') in 0.014164 seconds
  Import took 0.016892 seconds .

========================================================================
Received Import Request.
  Time since last request: 0.000264 seconds.
  path: Assets/Tiles/GroundTiles/mainlevbuild_352.asset
  artifactKey: Guid(72abe25748f330c4a9ef2f8e4233c627) Importer(815301076,1909f56bfc062723c751e8b465ee728b)
Start importing Assets/Tiles/GroundTiles/mainlevbuild_352.asset using Guid(72abe25748f330c4a9ef2f8e4233c627) Importer(815301076,1909f56bfc062723c751e8b465ee728b)  -> (artifact id: '74968e870bef7723e0f78aa04039e033') in 0.012134 seconds
  Import took 0.015237 seconds .

========================================================================
Received Import Request.
  Time since last request: 0.000218 seconds.
  path: Assets/Tiles/GroundTiles/mainlevbuild_345.asset
  artifactKey: Guid(7076f8b4b26ac2740ae83a856b0da43e) Importer(815301076,1909f56bfc062723c751e8b465ee728b)
Start importing Assets/Tiles/GroundTiles/mainlevbuild_345.asset using Guid(7076f8b4b26ac2740ae83a856b0da43e) Importer(815301076,1909f56bfc062723c751e8b465ee728b)  -> (artifact id: '62b710a50532489ec7764b67b2907648') in 0.012942 seconds
  Import took 0.015704 seconds .

========================================================================
Received Import Request.
  Time since last request: 0.000177 seconds.
  path: Assets/Tiles/GroundTiles/mainlevbuild_378.asset
  artifactKey: Guid(831731b31f58d9847b67f51ebbef298b) Importer(815301076,1909f56bfc062723c751e8b465ee728b)
Start importing Assets/Tiles/GroundTiles/mainlevbuild_378.asset using Guid(831731b31f58d9847b67f51ebbef298b) Importer(815301076,1909f56bfc062723c751e8b465ee728b)  -> (artifact id: '613ecfe273c8f9670c25dbe1b5e39d52') in 0.012577 seconds
  Import took 0.015264 seconds .

========================================================================
Received Import Request.
  Time since last request: 0.000220 seconds.
  path: Assets/Tiles/GroundTiles/mainlevbuild_370.asset
  artifactKey: Guid(6b38ceec48381a04c8dfc0683f7afc31) Importer(815301076,1909f56bfc062723c751e8b465ee728b)
Start importing Assets/Tiles/GroundTiles/mainlevbuild_370.asset using Guid(6b38ceec48381a04c8dfc0683f7afc31) Importer(815301076,1909f56bfc062723c751e8b465ee728b)  -> (artifact id: 'dc1a434c5cd94c14cf63bc7238dbeaa9') in 0.015641 seconds
  Import took 0.018328 seconds .

========================================================================
Received Import Request.
  Time since last request: 0.000193 seconds.
  path: Assets/Tiles/GroundTiles/mainlevbuild_343.asset
  artifactKey: Guid(3437a62bcbb923b47b07c82cde74adaf) Importer(815301076,1909f56bfc062723c751e8b465ee728b)
Start importing Assets/Tiles/GroundTiles/mainlevbuild_343.asset using Guid(3437a62bcbb923b47b07c82cde74adaf) Importer(815301076,1909f56bfc062723c751e8b465ee728b)  -> (artifact id: '3f517e0b0a53ba2180dec13b5364b173') in 0.015305 seconds
  Import took 0.017796 seconds .

========================================================================
Received Import Request.
  Time since last request: 0.000257 seconds.
  path: Assets/Tiles/GroundTiles/mainlevbuild_340.asset
  artifactKey: Guid(e8feda64a9d960a45b62205358f7d162) Importer(815301076,1909f56bfc062723c751e8b465ee728b)
Start importing Assets/Tiles/GroundTiles/mainlevbuild_340.asset using Guid(e8feda64a9d960a45b62205358f7d162) Importer(815301076,1909f56bfc062723c751e8b465ee728b)  -> (artifact id: '4f018a2d981f2f4dccef6073efcf2094') in 0.014564 seconds
  Import took 0.017256 seconds .

========================================================================
Received Import Request.
  Time since last request: 0.000217 seconds.
  path: Assets/Tiles/GroundTiles/mainlevbuild_374.asset
  artifactKey: Guid(79c1c1b6bd0105845a10d6878d4a47eb) Importer(815301076,1909f56bfc062723c751e8b465ee728b)
Start importing Assets/Tiles/GroundTiles/mainlevbuild_374.asset using Guid(79c1c1b6bd0105845a10d6878d4a47eb) Importer(815301076,1909f56bfc062723c751e8b465ee728b)  -> (artifact id: '1c94418f849173682c69c296698c070f') in 0.012965 seconds
  Import took 0.015517 seconds .

========================================================================
Received Import Request.
  Time since last request: 0.000220 seconds.
  path: Assets/Tiles/GroundTiles/mainlevbuild_349.asset
  artifactKey: Guid(4e722d01a9f81ed4ea8fdfbe055a2947) Importer(815301076,1909f56bfc062723c751e8b465ee728b)
Start importing Assets/Tiles/GroundTiles/mainlevbuild_349.asset using Guid(4e722d01a9f81ed4ea8fdfbe055a2947) Importer(815301076,1909f56bfc062723c751e8b465ee728b)  -> (artifact id: '663499391480f57b3189562f387fa5c8') in 0.015198 seconds
  Import took 0.017730 seconds .

========================================================================
Received Import Request.
  Time since last request: 0.000174 seconds.
  path: Assets/Tiles/GroundTiles/mainlevbuild_381.asset
  artifactKey: Guid(8801d866eefec794483b07d144dffd29) Importer(815301076,1909f56bfc062723c751e8b465ee728b)
Start importing Assets/Tiles/GroundTiles/mainlevbuild_381.asset using Guid(8801d866eefec794483b07d144dffd29) Importer(815301076,1909f56bfc062723c751e8b465ee728b)  -> (artifact id: 'fdd42077e94b4f6ea45724d18f6774f4') in 0.013213 seconds
  Import took 0.015697 seconds .

========================================================================
Received Import Request.
  Time since last request: 0.000246 seconds.
  path: Assets/Tiles/GroundTiles/mainlevbuild_363.asset
  artifactKey: Guid(3324cdb018558eb4fa2f942de451924c) Importer(815301076,1909f56bfc062723c751e8b465ee728b)
Start importing Assets/Tiles/GroundTiles/mainlevbuild_363.asset using Guid(3324cdb018558eb4fa2f942de451924c) Importer(815301076,1909f56bfc062723c751e8b465ee728b)  -> (artifact id: '2a434f5e921c373e6923797562b06f5b') in 0.012432 seconds
  Import took 0.016414 seconds .

========================================================================
Received Import Request.
  Time since last request: 0.000210 seconds.
  path: Assets/Tiles/GroundTiles/mainlevbuild_338.asset
  artifactKey: Guid(cbfa74d752de1d346b0094a963743a3f) Importer(815301076,1909f56bfc062723c751e8b465ee728b)
Start importing Assets/Tiles/GroundTiles/mainlevbuild_338.asset using Guid(cbfa74d752de1d346b0094a963743a3f) Importer(815301076,1909f56bfc062723c751e8b465ee728b)  -> (artifact id: '0f9edb1535625f64eca2bd9e545e7141') in 0.012627 seconds
  Import took 0.015116 seconds .

========================================================================
Received Import Request.
  Time since last request: 0.000208 seconds.
  path: Assets/Tiles/GroundTiles/mainlevbuild_354.asset
  artifactKey: Guid(bd3c832cb09297f46a742526c90b8de0) Importer(815301076,1909f56bfc062723c751e8b465ee728b)
Start importing Assets/Tiles/GroundTiles/mainlevbuild_354.asset using Guid(bd3c832cb09297f46a742526c90b8de0) Importer(815301076,1909f56bfc062723c751e8b465ee728b)  -> (artifact id: '315fd1e39a69b39c5e20a4a077250906') in 0.012232 seconds
  Import took 0.015095 seconds .

========================================================================
Received Import Request.
  Time since last request: 0.000267 seconds.
  path: Assets/Tiles/GroundTiles/mainlevbuild_351.asset
  artifactKey: Guid(5259ac38b05af4a4fb6503562d36d3e2) Importer(815301076,1909f56bfc062723c751e8b465ee728b)
Start importing Assets/Tiles/GroundTiles/mainlevbuild_351.asset using Guid(5259ac38b05af4a4fb6503562d36d3e2) Importer(815301076,1909f56bfc062723c751e8b465ee728b)  -> (artifact id: '901ba205aa9e11d293d5d2d0aa8d5d94') in 0.013250 seconds
  Import took 0.016201 seconds .

========================================================================
Received Import Request.
  Time since last request: 0.000268 seconds.
  path: Assets/Tiles/GroundTiles/mainlevbuild_342.asset
  artifactKey: Guid(b7e2c0094f1571d47b4340f39c21b9a8) Importer(815301076,1909f56bfc062723c751e8b465ee728b)
Start importing Assets/Tiles/GroundTiles/mainlevbuild_342.asset using Guid(b7e2c0094f1571d47b4340f39c21b9a8) Importer(815301076,1909f56bfc062723c751e8b465ee728b)  -> (artifact id: 'e2f8c02c07f2e47ad071a18b85164fd9') in 0.013472 seconds
  Import took 0.016170 seconds .

========================================================================
Received Import Request.
  Time since last request: 0.000204 seconds.
  path: Assets/Tiles/GroundTiles/mainlevbuild_389.asset
  artifactKey: Guid(7b641b5b39c545c4bb399a38c89a4da1) Importer(815301076,1909f56bfc062723c751e8b465ee728b)
Start importing Assets/Tiles/GroundTiles/mainlevbuild_389.asset using Guid(7b641b5b39c545c4bb399a38c89a4da1) Importer(815301076,1909f56bfc062723c751e8b465ee728b)  -> (artifact id: '7aa724a285826a37ceec8ca3888b4cf2') in 0.013607 seconds
  Import took 0.015999 seconds .

========================================================================
Received Import Request.
  Time since last request: 0.000198 seconds.
  path: Assets/Tiles/GroundTiles/mainlevbuild_337.asset
  artifactKey: Guid(cb916228c860e2b47947d83d964ea141) Importer(815301076,1909f56bfc062723c751e8b465ee728b)
Start importing Assets/Tiles/GroundTiles/mainlevbuild_337.asset using Guid(cb916228c860e2b47947d83d964ea141) Importer(815301076,1909f56bfc062723c751e8b465ee728b)  -> (artifact id: 'a9dbd15c3523a4e6e51f4bf9a8436e46') in 0.013227 seconds
  Import took 0.015846 seconds .

========================================================================
Received Import Request.
  Time since last request: 0.000210 seconds.
  path: Assets/Tiles/GroundTiles/mainlevbuild_387.asset
  artifactKey: Guid(a4e670e360f99dd4dad5df5c75c8c798) Importer(815301076,1909f56bfc062723c751e8b465ee728b)
Start importing Assets/Tiles/GroundTiles/mainlevbuild_387.asset using Guid(a4e670e360f99dd4dad5df5c75c8c798) Importer(815301076,1909f56bfc062723c751e8b465ee728b)  -> (artifact id: '9fbc358a4347fc4b85d253bddff8eb68') in 0.015284 seconds
  Import took 0.017868 seconds .

========================================================================
Received Import Request.
  Time since last request: 0.000190 seconds.
  path: Assets/Tiles/GroundTiles/mainlevbuild_372.asset
  artifactKey: Guid(77dc4fd973874554d88d6127ed24c9f0) Importer(815301076,1909f56bfc062723c751e8b465ee728b)
Start importing Assets/Tiles/GroundTiles/mainlevbuild_372.asset using Guid(77dc4fd973874554d88d6127ed24c9f0) Importer(815301076,1909f56bfc062723c751e8b465ee728b)  -> (artifact id: 'a5d432aeee96d085d4fb3d69cc1d01b1') in 0.012647 seconds
  Import took 0.015810 seconds .

========================================================================
Received Import Request.
  Time since last request: 0.000522 seconds.
  path: Assets/Tiles/GroundTiles/mainlevbuild_357.asset
  artifactKey: Guid(10fba2811c1cdf549a19bd5f06dd4019) Importer(815301076,1909f56bfc062723c751e8b465ee728b)
Start importing Assets/Tiles/GroundTiles/mainlevbuild_357.asset using Guid(10fba2811c1cdf549a19bd5f06dd4019) Importer(815301076,1909f56bfc062723c751e8b465ee728b)  -> (artifact id: 'd5b5a0cf6162eceaf0fa17ad2cc16247') in 0.011424 seconds
  Import took 0.014557 seconds .

========================================================================
Received Import Request.
  Time since last request: 0.000202 seconds.
  path: Assets/Tiles/GroundTiles/mainlevbuild_348.asset
  artifactKey: Guid(92c675239c7530c4ab961f2eb2464a66) Importer(815301076,1909f56bfc062723c751e8b465ee728b)
Start importing Assets/Tiles/GroundTiles/mainlevbuild_348.asset using Guid(92c675239c7530c4ab961f2eb2464a66) Importer(815301076,1909f56bfc062723c751e8b465ee728b)  -> (artifact id: '30b9423692485c5ea3f02a2de5aa2f20') in 0.012849 seconds
  Import took 0.015810 seconds .

========================================================================
Received Import Request.
  Time since last request: 0.000233 seconds.
  path: Assets/Tiles/GroundTiles/mainlevbuild_375.asset
  artifactKey: Guid(ee6c2e5502e715045a5ec1bbdab3ad6f) Importer(815301076,1909f56bfc062723c751e8b465ee728b)
Start importing Assets/Tiles/GroundTiles/mainlevbuild_375.asset using Guid(ee6c2e5502e715045a5ec1bbdab3ad6f) Importer(815301076,1909f56bfc062723c751e8b465ee728b)  -> (artifact id: '94f30632683f2701cba84f756700f4af') in 0.012393 seconds
  Import took 0.015430 seconds .

========================================================================
Received Import Request.
  Time since last request: 0.000203 seconds.
  path: Assets/Tiles/GroundTiles/mainlevbuild_390.asset
  artifactKey: Guid(b5810bb4206f4f249bb9ec95dfc9360a) Importer(815301076,1909f56bfc062723c751e8b465ee728b)
Start importing Assets/Tiles/GroundTiles/mainlevbuild_390.asset using Guid(b5810bb4206f4f249bb9ec95dfc9360a) Importer(815301076,1909f56bfc062723c751e8b465ee728b)  -> (artifact id: 'ab229888ea607c43dfdf4054b606c240') in 0.013028 seconds
  Import took 0.016349 seconds .

========================================================================
Received Import Request.
  Time since last request: 0.000202 seconds.
  path: Assets/Tiles/GroundTiles/mainlevbuild_368.asset
  artifactKey: Guid(554a63a275fe0c441bb55efb5033af27) Importer(815301076,1909f56bfc062723c751e8b465ee728b)
Start importing Assets/Tiles/GroundTiles/mainlevbuild_368.asset using Guid(554a63a275fe0c441bb55efb5033af27) Importer(815301076,1909f56bfc062723c751e8b465ee728b)  -> (artifact id: '0d2e3b2f54048de3e60e75b17d601bd9') in 0.012505 seconds
  Import took 0.015067 seconds .

========================================================================
Received Import Request.
  Time since last request: 0.000311 seconds.
  path: Assets/Tiles/GroundTiles/mainlevbuild_371.asset
  artifactKey: Guid(edf712af2cf4a1e4391e13cea55d558b) Importer(815301076,1909f56bfc062723c751e8b465ee728b)
Start importing Assets/Tiles/GroundTiles/mainlevbuild_371.asset using Guid(edf712af2cf4a1e4391e13cea55d558b) Importer(815301076,1909f56bfc062723c751e8b465ee728b)  -> (artifact id: 'fc307c59dd8f1285d3863c6f2d8b0e53') in 0.012682 seconds
  Import took 0.015462 seconds .

========================================================================
Received Import Request.
  Time since last request: 0.000178 seconds.
  path: Assets/Tiles/GroundTiles/mainlevbuild_364.asset
  artifactKey: Guid(d76549ae070baf34880bf603c339b15f) Importer(815301076,1909f56bfc062723c751e8b465ee728b)
Start importing Assets/Tiles/GroundTiles/mainlevbuild_364.asset using Guid(d76549ae070baf34880bf603c339b15f) Importer(815301076,1909f56bfc062723c751e8b465ee728b)  -> (artifact id: '187893da32c160314d1c6b922ae86a26') in 0.014299 seconds
  Import took 0.018134 seconds .

========================================================================
Received Import Request.
  Time since last request: 0.000287 seconds.
  path: Assets/Tiles/GroundTiles/mainlevbuild_379.asset
  artifactKey: Guid(69e8ba1d2be78044394e12c0d2ec0fe8) Importer(815301076,1909f56bfc062723c751e8b465ee728b)
Start importing Assets/Tiles/GroundTiles/mainlevbuild_379.asset using Guid(69e8ba1d2be78044394e12c0d2ec0fe8) Importer(815301076,1909f56bfc062723c751e8b465ee728b)  -> (artifact id: 'b4433f2704665de6788acfefc500dcae') in 0.012700 seconds
  Import took 0.015471 seconds .

========================================================================
Received Import Request.
  Time since last request: 0.000210 seconds.
  path: Assets/Tiles/GroundTiles/mainlevbuild_359.asset
  artifactKey: Guid(7ac044fb9a1adf440964e6410d55af52) Importer(815301076,1909f56bfc062723c751e8b465ee728b)
Start importing Assets/Tiles/GroundTiles/mainlevbuild_359.asset using Guid(7ac044fb9a1adf440964e6410d55af52) Importer(815301076,1909f56bfc062723c751e8b465ee728b)  -> (artifact id: '4792cdd083fabfa1655d997fff05a4c4') in 0.014036 seconds
  Import took 0.017212 seconds .

========================================================================
Received Import Request.
  Time since last request: 0.000220 seconds.
  path: Assets/Tiles/GroundTiles/mainlevbuild_373.asset
  artifactKey: Guid(1a73949da2661a84796c0f7c65299002) Importer(815301076,1909f56bfc062723c751e8b465ee728b)
Start importing Assets/Tiles/GroundTiles/mainlevbuild_373.asset using Guid(1a73949da2661a84796c0f7c65299002) Importer(815301076,1909f56bfc062723c751e8b465ee728b)  -> (artifact id: 'bf85ba023c22b4c9f37e25c4d14fe9c9') in 0.012629 seconds
  Import took 0.015605 seconds .

========================================================================
Received Import Request.
  Time since last request: 0.000266 seconds.
  path: Assets/Tiles/GroundTiles/mainlevbuild_369.asset
  artifactKey: Guid(454072b740d4712468e97d884875492a) Importer(815301076,1909f56bfc062723c751e8b465ee728b)
Start importing Assets/Tiles/GroundTiles/mainlevbuild_369.asset using Guid(454072b740d4712468e97d884875492a) Importer(815301076,1909f56bfc062723c751e8b465ee728b)  -> (artifact id: 'be62cb10074f8c20373af900884bef10') in 0.013684 seconds
  Import took 0.016359 seconds .

========================================================================
Received Import Request.
  Time since last request: 0.000262 seconds.
  path: Assets/Tiles/GroundTiles/mainlevbuild_339.asset
  artifactKey: Guid(dad9acb3c9353334497569812fe7ad85) Importer(815301076,1909f56bfc062723c751e8b465ee728b)
Start importing Assets/Tiles/GroundTiles/mainlevbuild_339.asset using Guid(dad9acb3c9353334497569812fe7ad85) Importer(815301076,1909f56bfc062723c751e8b465ee728b)  -> (artifact id: '0d610670d7cdd68edbd217f7aea55cdd') in 0.016256 seconds
  Import took 0.019409 seconds .

========================================================================
Received Import Request.
  Time since last request: 0.000215 seconds.
  path: Assets/Tiles/GroundTiles/mainlevbuild_346.asset
  artifactKey: Guid(2f6c74ebeef5e7049bf615e5b17c2ef6) Importer(815301076,1909f56bfc062723c751e8b465ee728b)
Start importing Assets/Tiles/GroundTiles/mainlevbuild_346.asset using Guid(2f6c74ebeef5e7049bf615e5b17c2ef6) Importer(815301076,1909f56bfc062723c751e8b465ee728b)  -> (artifact id: 'cf4bfe5a20ed3c7129c52fd61bf82ecd') in 0.014264 seconds
  Import took 0.017387 seconds .

========================================================================
Received Import Request.
  Time since last request: 0.000239 seconds.
  path: Assets/Tiles/GroundTiles/mainlevbuild_386.asset
  artifactKey: Guid(80976043b12cfcd49b06de94d73d7b5f) Importer(815301076,1909f56bfc062723c751e8b465ee728b)
Start importing Assets/Tiles/GroundTiles/mainlevbuild_386.asset using Guid(80976043b12cfcd49b06de94d73d7b5f) Importer(815301076,1909f56bfc062723c751e8b465ee728b)  -> (artifact id: '0de6eaacdea451993c102ddd0c13ac1c') in 0.014719 seconds
  Import took 0.018046 seconds .

========================================================================
Received Import Request.
  Time since last request: 0.000285 seconds.
  path: Assets/Tiles/GroundTiles/mainlevbuild_365.asset
  artifactKey: Guid(b90692c1bc17df44ebd52015982c0add) Importer(815301076,1909f56bfc062723c751e8b465ee728b)
Start importing Assets/Tiles/GroundTiles/mainlevbuild_365.asset using Guid(b90692c1bc17df44ebd52015982c0add) Importer(815301076,1909f56bfc062723c751e8b465ee728b)  -> (artifact id: '0c2218617be3158f0b616cf24397162f') in 0.014202 seconds
  Import took 0.017479 seconds .

========================================================================
Received Import Request.
  Time since last request: 0.000238 seconds.
  path: Assets/Tiles/GroundTiles/mainlevbuild_336.asset
  artifactKey: Guid(3f2685f38a3a8ef449d584ec59361c97) Importer(815301076,1909f56bfc062723c751e8b465ee728b)
Start importing Assets/Tiles/GroundTiles/mainlevbuild_336.asset using Guid(3f2685f38a3a8ef449d584ec59361c97) Importer(815301076,1909f56bfc062723c751e8b465ee728b)  -> (artifact id: '0c7d9e627d84e7c6dcb909edea69338a') in 0.009294 seconds
  Import took 0.012495 seconds .

========================================================================
Received Import Request.
  Time since last request: 0.000316 seconds.
  path: Assets/Tiles/GroundTiles/mainlevbuild_341.asset
  artifactKey: Guid(0ada32f4f0809914c9cdfe97412aa28d) Importer(815301076,1909f56bfc062723c751e8b465ee728b)
Start importing Assets/Tiles/GroundTiles/mainlevbuild_341.asset using Guid(0ada32f4f0809914c9cdfe97412aa28d) Importer(815301076,1909f56bfc062723c751e8b465ee728b)  -> (artifact id: 'da550dbbc2a6bbd2089072da083ad7ce') in 0.014225 seconds
  Import took 0.016834 seconds .

========================================================================
Received Import Request.
  Time since last request: 0.000191 seconds.
  path: Assets/Tiles/GroundTiles/mainlevbuild_366.asset
  artifactKey: Guid(4da86520f5e9c6b43b2430a0300a0d64) Importer(815301076,1909f56bfc062723c751e8b465ee728b)
Start importing Assets/Tiles/GroundTiles/mainlevbuild_366.asset using Guid(4da86520f5e9c6b43b2430a0300a0d64) Importer(815301076,1909f56bfc062723c751e8b465ee728b)  -> (artifact id: 'd270c9aec3a2654246cff3fa8448c739') in 0.013984 seconds
  Import took 0.016830 seconds .

========================================================================
Received Import Request.
  Time since last request: 0.000276 seconds.
  path: Assets/Tiles/GroundTiles/mainlevbuild_376.asset
  artifactKey: Guid(c0544c1b373923d438c1ae985166d654) Importer(815301076,1909f56bfc062723c751e8b465ee728b)
Start importing Assets/Tiles/GroundTiles/mainlevbuild_376.asset using Guid(c0544c1b373923d438c1ae985166d654) Importer(815301076,1909f56bfc062723c751e8b465ee728b)  -> (artifact id: 'e4d9d21e2a4f56b2de1d97ecebe7ec3c') in 0.014151 seconds
  Import took 0.017165 seconds .

========================================================================
Received Import Request.
  Time since last request: 0.000360 seconds.
  path: Assets/Tiles/GroundTiles/mainlevbuild_391.asset
  artifactKey: Guid(7ca41fa6d64f1634fbc170889cecb8f8) Importer(815301076,1909f56bfc062723c751e8b465ee728b)
Start importing Assets/Tiles/GroundTiles/mainlevbuild_391.asset using Guid(7ca41fa6d64f1634fbc170889cecb8f8) Importer(815301076,1909f56bfc062723c751e8b465ee728b)  -> (artifact id: '042385d6d04dc72e65af068332086ea8') in 0.013890 seconds
  Import took 0.017107 seconds .

========================================================================
Received Import Request.
  Time since last request: 104.250910 seconds.
  path: Assets/Sprites/mainlevbuild.png
  artifactKey: Guid(6e8c99901131f484d8b302adbb34f1b1) Importer(815301076,1909f56bfc062723c751e8b465ee728b)
Start importing Assets/Sprites/mainlevbuild.png using Guid(6e8c99901131f484d8b302adbb34f1b1) Importer(815301076,1909f56bfc062723c751e8b465ee728b)  -> (artifact id: '47d8bd2c9b3bb199813c4e3d426ae434') in 0.984550 seconds
  Import took 0.991144 seconds .

